app/build/intermediates/manifest_merge_blame_file/debug/manifest-merger-blame-debug-report.txt
1<?xml version="1.0" encoding="utf-8"?>
2<manifest xmlns:android="http://schemas.android.com/apk/res/android"
3    package="com.android.print.demo"
4    android:versionCode="1"
5    android:versionName="1.0" >
6
7    <uses-sdk
8        android:minSdkVersion="21"
8-->src\main\AndroidManifest.xml
9        android:targetSdkVersion="28" />
9-->src\main\AndroidManifest.xml
10
11    <uses-permission android:name="android.permission.BLUETOOTH" />
11-->src\main\AndroidManifest.xml:7:5-68
11-->src\main\AndroidManifest.xml:7:22-65
12    <uses-permission android:name="android.permission.BLUETOOTH_ADMIN" />
12-->src\main\AndroidManifest.xml:8:5-74
12-->src\main\AndroidManifest.xml:8:22-71
13    <uses-permission android:name="android.permission.ACCESS_WIFI_STATE" />
13-->src\main\AndroidManifest.xml:9:5-75
13-->src\main\AndroidManifest.xml:9:22-73
14    <uses-permission android:name="android.permission.CHANGE_WIFI_STATE" />
14-->src\main\AndroidManifest.xml:10:5-75
14-->src\main\AndroidManifest.xml:10:22-73
15    <uses-permission android:name="android.permission.INTERNET" />
15-->src\main\AndroidManifest.xml:11:5-66
15-->src\main\AndroidManifest.xml:11:22-64
16    <uses-permission android:name="android.hardware.usb.host" />
16-->src\main\AndroidManifest.xml:12:5-65
16-->src\main\AndroidManifest.xml:12:22-62
17
18    <application
18-->src\main\AndroidManifest.xml:14:5-39:19
19        android:allowBackup="true"
19-->src\main\AndroidManifest.xml:15:9-35
20        android:appComponentFactory="androidx.core.app.CoreComponentFactory"
20-->[androidx.core:core:1.0.0] AndroidManifest.xml:22:18-86
21        android:debuggable="true"
22        android:icon="@drawable/ic_launcher"
22-->src\main\AndroidManifest.xml:16:9-45
23        android:label="@string/app_name"
23-->src\main\AndroidManifest.xml:17:9-41
24        android:theme="@style/AppTheme" >
24-->src\main\AndroidManifest.xml:18:9-40
25        <activity
25-->src\main\AndroidManifest.xml:19:9-28:20
26            android:name="com.android.print.demo.MainActivity"
26-->src\main\AndroidManifest.xml:20:13-41
27            android:label="@string/app_name"
27-->src\main\AndroidManifest.xml:21:13-45
28            android:screenOrientation="portrait" >
28-->src\main\AndroidManifest.xml:22:13-49
29            <intent-filter>
29-->src\main\AndroidManifest.xml:23:13-27:29
30                <action android:name="android.intent.action.MAIN" />
30-->src\main\AndroidManifest.xml:24:17-69
30-->src\main\AndroidManifest.xml:24:25-66
31
32                <category android:name="android.intent.category.LAUNCHER" />
32-->src\main\AndroidManifest.xml:26:17-77
32-->src\main\AndroidManifest.xml:26:27-74
33            </intent-filter>
34        </activity>
35        <activity
35-->src\main\AndroidManifest.xml:30:9-33:59
36            android:name="com.android.print.demo.BluetoothDeviceList"
36-->src\main\AndroidManifest.xml:31:13-48
37            android:screenOrientation="portrait"
37-->src\main\AndroidManifest.xml:32:13-49
38            android:theme="@android:style/Theme.Dialog" />
38-->src\main\AndroidManifest.xml:33:13-56
39        <activity
39-->src\main\AndroidManifest.xml:34:9-37:59
40            android:name="com.android.print.demo.UsbDeviceList"
40-->src\main\AndroidManifest.xml:35:13-42
41            android:screenOrientation="portrait"
41-->src\main\AndroidManifest.xml:36:13-49
42            android:theme="@android:style/Theme.Dialog" />
42-->src\main\AndroidManifest.xml:37:13-56
43        <activity
43-->src\main\AndroidManifest.xml:38:9-88
44            android:name="com.android.print.demo.IpAddressEdit"
44-->src\main\AndroidManifest.xml:38:19-48
45            android:theme="@style/MyDialogStyle" />
45-->src\main\AndroidManifest.xml:38:49-85
46    </application>
47
48</manifest>